<?xml version="1.0" encoding="UTF-8"?>
<!-- Generated by org.testng.reporters.JUnitReportReporter -->
<testsuite hostname="Nings-MacBook-Pro.local" failures="0" tests="1" name="com.fetchrewards.automation.FetchRewardsChallenge3" time="17.566" errors="0" timestamp="28 Jun 2021 09:23:41 GMT" skipped="0">
  <testcase classname="com.fetchrewards.automation.FetchRewardsChallenge3" name="challenge3Test" time="17.566"/>
</testsuite> <!-- com.fetchrewards.automation.FetchRewardsChallenge3 -->
